<?xml version="1.0" encoding="UTF-8"?>
<!-- Generated by org.testng.reporters.JUnitReportReporter -->
<testsuite skipped="0" hostname="MSSPC259" name="com.pals.test.login.TestLoginPageActions" tests="1" failures="0" timestamp="12 May 2017 05:08:05 GMT" time="0.708" errors="0">
  <testcase name="loginTest" time="0.708" classname="com.pals.test.login.TestLoginPageActions"/>
</testsuite> <!-- com.pals.test.login.TestLoginPageActions -->
