<?xml version="1.0" encoding="UTF-8"?>
<!-- Generated by org.testng.reporters.JUnitReportReporter -->
<testsuite skipped="0" hostname="MSSPC259" name="com.pals.test.login.TestLoginPageActions" tests="1" failures="0" timestamp="04 May 2017 12:14:57 GMT" time="0.786" errors="0">
  <testcase name="loginTest" time="0.786" classname="com.pals.test.login.TestLoginPageActions"/>
</testsuite> <!-- com.pals.test.login.TestLoginPageActions -->
