<?xml version="1.0" encoding="UTF-8"?>
<!-- Generated by org.testng.reporters.JUnitReportReporter -->
<testsuite skipped="0" hostname="MSSPC259" name="com.pals.test.cars.TestCarsPageActions" tests="1" failures="0" timestamp="04 May 2017 06:50:16 GMT" time="8.795" errors="0">
  <testcase name="addcarTest" time="8.795" classname="com.pals.test.cars.TestCarsPageActions"/>
</testsuite> <!-- com.pals.test.cars.TestCarsPageActions -->
